<?xml version="1.0" encoding="UTF-8"?>
<!-- Generated by org.testng.reporters.JUnitXMLReporter -->
<testsuite ignored="2" hostname="Anil007-PC" failures="0" tests="3" name="Default test" time="68.984" errors="0" timestamp="2020-03-15T14:48:54 IST">
  <testcase classname="com.test.testcases.ContactsPageTest" name="validateCreateNewContact" time="3.627"/>
  <testcase classname="com.test.testcases.ContactsPageTest" name="validateCreateNewContact" time="6.252"/>
  <testcase classname="com.test.testcases.ContactsPageTest" name="validateCreateNewContact" time="2.795"/>
  <testcase classname="com.test.testcases.ContactsPageTest" name="selectContactsByName" time="0.0">
    <ignored/>
  </testcase> <!-- selectContactsByName -->
  <testcase classname="com.test.testcases.ContactsPageTest" name="verifyContactsPageLabel" time="0.0">
    <ignored/>
  </testcase> <!-- verifyContactsPageLabel -->
</testsuite> <!-- Default test -->
